<?xml version="1.0" encoding="UTF-8"?>
<!-- Generated by org.testng.reporters.JUnitReportReporter -->
<testsuite hostname="PROWERSE-014" failures="0" tests="27" name="testCases.Tc001_Login_Verify" time="1.560" errors="1" timestamp="2023-03-22T17:24:19 IST" skipped="26">
  <testcase classname="testCases.Tc001_Login_Verify" name="verifyLogin" time="0.000">
    <skipped/>
  </testcase> <!-- verifyLogin -->
  <system-out/>
  <testcase classname="testCases.Tc001_Login_Verify" name="setUp" time="1.560">
    <error message="Unable to establish websocket connection to http://localhost:49347/devtools/browser/2cd15fc8-f280-4c7f-bb42-34fb3cc23bf6
Build info: version: &#039;4.8.0&#039;, revision: &#039;267030adea&#039;
System info: os.name: &#039;Windows 11&#039;, os.arch: &#039;amd64&#039;, os.version: &#039;10.0&#039;, java.version: &#039;17.0.6&#039;
Driver info: driver.version: ChromeDriver" type="org.openqa.selenium.remote.http.ConnectionFailedException">
      <![CDATA[org.openqa.selenium.remote.http.ConnectionFailedException: Unable to establish websocket connection to http://localhost:49347/devtools/browser/2cd15fc8-f280-4c7f-bb42-34fb3cc23bf6
Build info: version: '4.8.0', revision: '267030adea'
System info: os.name: 'Windows 11', os.arch: 'amd64', os.version: '10.0', java.version: '17.0.6'
Driver info: driver.version: ChromeDriver
at org.openqa.selenium.remote.http.netty.NettyWebSocket.<init>(NettyWebSocket.java:102)
at org.openqa.selenium.remote.http.netty.NettyWebSocket.lambda$create$3(NettyWebSocket.java:128)
at org.openqa.selenium.remote.http.netty.NettyClient.openSocket(NettyClient.java:107)
at org.openqa.selenium.devtools.Connection.<init>(Connection.java:78)
at org.openqa.selenium.chromium.ChromiumDriver.lambda$new$2(ChromiumDriver.java:116)
at java.base/java.util.Optional.map(Optional.java:260)
at org.openqa.selenium.chromium.ChromiumDriver.<init>(ChromiumDriver.java:114)
at org.openqa.selenium.chrome.ChromeDriver.<init>(ChromeDriver.java:82)
at org.openqa.selenium.chrome.ChromeDriver.<init>(ChromeDriver.java:50)
at testBase.TestBase.setUp(TestBase.java:25)
at java.base/jdk.internal.reflect.NativeMethodAccessorImpl.invoke0(Native Method)
at java.base/jdk.internal.reflect.NativeMethodAccessorImpl.invoke(NativeMethodAccessorImpl.java:77)
at java.base/jdk.internal.reflect.DelegatingMethodAccessorImpl.invoke(DelegatingMethodAccessorImpl.java:43)
at java.base/java.lang.reflect.Method.invoke(Method.java:568)
at org.testng.internal.invokers.MethodInvocationHelper.invokeMethod(MethodInvocationHelper.java:139)
at org.testng.internal.invokers.MethodInvocationHelper.invokeMethodConsideringTimeout(MethodInvocationHelper.java:69)
at org.testng.internal.invokers.ConfigInvoker.invokeConfigurationMethod(ConfigInvoker.java:361)
at org.testng.internal.invokers.ConfigInvoker.invokeConfigurations(ConfigInvoker.java:296)
at org.testng.internal.invokers.TestMethodWorker.invokeBeforeClassMethods(TestMethodWorker.java:180)
at org.testng.internal.invokers.TestMethodWorker.run(TestMethodWorker.java:122)
at java.base/java.util.ArrayList.forEach(ArrayList.java:1511)
at org.testng.TestRunner.privateRun(TestRunner.java:829)
at org.testng.TestRunner.run(TestRunner.java:602)
at org.testng.SuiteRunner.runTest(SuiteRunner.java:437)
at org.testng.SuiteRunner.runSequentially(SuiteRunner.java:431)
at org.testng.SuiteRunner.privateRun(SuiteRunner.java:391)
at org.testng.SuiteRunner.run(SuiteRunner.java:330)
at org.testng.SuiteRunnerWorker.runSuite(SuiteRunnerWorker.java:52)
at org.testng.SuiteRunnerWorker.run(SuiteRunnerWorker.java:95)
at org.testng.TestNG.runSuitesSequentially(TestNG.java:1256)
at org.testng.TestNG.runSuitesLocally(TestNG.java:1176)
at org.testng.TestNG.runSuites(TestNG.java:1099)
at org.testng.TestNG.run(TestNG.java:1067)
at org.apache.maven.surefire.testng.TestNGExecutor.run(TestNGExecutor.java:308)
at org.apache.maven.surefire.testng.TestNGXmlTestSuite.execute(TestNGXmlTestSuite.java:71)
at org.apache.maven.surefire.testng.TestNGProvider.invoke(TestNGProvider.java:113)
at org.apache.maven.surefire.booter.ForkedBooter.runSuitesInProcess(ForkedBooter.java:385)
at org.apache.maven.surefire.booter.ForkedBooter.execute(ForkedBooter.java:162)
at org.apache.maven.surefire.booter.ForkedBooter.run(ForkedBooter.java:507)
at org.apache.maven.surefire.booter.ForkedBooter.main(ForkedBooter.java:495)
]]>
    </error>
  </testcase> <!-- setUp -->
  <system-out/>
  <testcase classname="testCases.Tc001_Login_Verify" name="verifyRole" time="0.000">
    <skipped/>
  </testcase> <!-- verifyRole -->
  <system-out/>
  <testcase classname="testCases.Tc001_Login_Verify" name="verifyItemsOnDashboard" time="0.000">
    <skipped/>
  </testcase> <!-- verifyItemsOnDashboard -->
  <system-out/>
  <testcase classname="testCases.Tc001_Login_Verify" name="verifyGraphMessages" time="0.000">
    <skipped/>
  </testcase> <!-- verifyGraphMessages -->
  <system-out/>
  <testcase classname="testCases.Tc001_Login_Verify" name="verifyClientManagePage" time="0.000">
    <skipped/>
  </testcase> <!-- verifyClientManagePage -->
  <system-out/>
  <testcase classname="testCases.Tc001_Login_Verify" name="verifyQuoteManagePage" time="0.000">
    <skipped/>
  </testcase> <!-- verifyQuoteManagePage -->
  <system-out/>
  <testcase classname="testCases.Tc001_Login_Verify" name="verifyDateFormatOnQuotePage" time="0.000">
    <skipped/>
  </testcase> <!-- verifyDateFormatOnQuotePage -->
  <system-out/>
  <testcase classname="testCases.Tc001_Login_Verify" name="verifyProductListOnAddQuotePage" time="0.000">
    <skipped/>
  </testcase> <!-- verifyProductListOnAddQuotePage -->
  <system-out/>
  <testcase classname="testCases.Tc001_Login_Verify" name="verifyAddQuotePageLaunch" time="0.000">
    <skipped/>
  </testcase> <!-- verifyAddQuotePageLaunch -->
  <system-out/>
  <testcase classname="testCases.Tc001_Login_Verify" name="verifyPolicyPage" time="0.000">
    <skipped/>
  </testcase> <!-- verifyPolicyPage -->
  <system-out/>
  <testcase classname="testCases.Tc001_Login_Verify" name="verifyPolicyPageDateFormat" time="0.000">
    <skipped/>
  </testcase> <!-- verifyPolicyPageDateFormat -->
  <system-out/>
  <testcase classname="testCases.Tc001_Login_Verify" name="verifyPolicyInformationPageLaunch" time="0.000">
    <skipped/>
  </testcase> <!-- verifyPolicyInformationPageLaunch -->
  <system-out/>
  <testcase classname="testCases.Tc001_Login_Verify" name="verifyPolicySamplePageDownLoad" time="0.000">
    <skipped/>
  </testcase> <!-- verifyPolicySamplePageDownLoad -->
  <system-out/>
  <testcase classname="testCases.Tc001_Login_Verify" name="verifyManageClaimDateAndPondSymbol" time="0.000">
    <skipped/>
  </testcase> <!-- verifyManageClaimDateAndPondSymbol -->
  <system-out/>
  <testcase classname="testCases.Tc001_Login_Verify" name="verifyClaimPageInformation" time="0.000">
    <skipped/>
  </testcase> <!-- verifyClaimPageInformation -->
  <system-out/>
  <testcase classname="testCases.Tc001_Login_Verify" name="verifyApprovalClaimDashBoardDetails" time="0.000">
    <skipped/>
  </testcase> <!-- verifyApprovalClaimDashBoardDetails -->
  <system-out/>
  <testcase classname="testCases.Tc001_Login_Verify" name="verifyManageTaskDashBoard" time="0.000">
    <skipped/>
  </testcase> <!-- verifyManageTaskDashBoard -->
  <system-out/>
  <testcase classname="testCases.Tc001_Login_Verify" name="verifyAddTaskPageDetails" time="0.000">
    <skipped/>
  </testcase> <!-- verifyAddTaskPageDetails -->
  <system-out/>
  <testcase classname="testCases.Tc001_Login_Verify" name="verifyQuotePageData" time="0.000">
    <skipped/>
  </testcase> <!-- verifyQuotePageData -->
  <system-out/>
  <testcase classname="testCases.Tc001_Login_Verify" name="verifyMicroChipPageData" time="0.000">
    <skipped/>
  </testcase> <!-- verifyMicroChipPageData -->
  <system-out/>
  <testcase classname="testCases.Tc001_Login_Verify" name="verifyQuotePagePremiumPoundSign" time="0.000">
    <skipped/>
  </testcase> <!-- verifyQuotePagePremiumPoundSign -->
  <system-out/>
  <testcase classname="testCases.Tc001_Login_Verify" name="verifyLetterTemplatePage" time="0.000">
    <skipped/>
  </testcase> <!-- verifyLetterTemplatePage -->
  <system-out/>
  <testcase classname="testCases.Tc001_Login_Verify" name="verifyLetterTemplatePageEditFun" time="0.000">
    <skipped/>
  </testcase> <!-- verifyLetterTemplatePageEditFun -->
  <system-out/>
  <testcase classname="testCases.Tc001_Login_Verify" name="verifyAccountPageIcon" time="0.000">
    <skipped/>
  </testcase> <!-- verifyAccountPageIcon -->
  <system-out/>
  <testcase classname="testCases.Tc001_Login_Verify" name="verifyAddClaimPageDropDown" time="0.000">
    <skipped/>
  </testcase> <!-- verifyAddClaimPageDropDown -->
  <system-out/>
  <testcase classname="testCases.Tc001_Login_Verify" name="verifyLogOut" time="0.000">
    <skipped/>
  </testcase> <!-- verifyLogOut -->
  <system-out/>
</testsuite> <!-- testCases.Tc001_Login_Verify -->
