<?xml version="1.0" encoding="UTF-8"?>
<!-- Generated by org.testng.reporters.JUnitReportReporter -->
<testsuite hostname="PROWERSE-014" failures="0" tests="27" name="testCases.Tc001_Login_Verify" time="-1679473792.000" errors="1" timestamp="2023-03-22T13:59:14 IST" skipped="26">
  <testcase classname="testCases.Tc001_Login_Verify" name="setUp" time="-1679473792.000">
    <error message="
Parameter &#039;browser&#039; is required by BeforeClass on method setUp but has not been marked @Optional or defined
in C:\Users\prowe\IdeaProjects\BritishPetInsurance\BritishPetCare.xml" type="org.testng.TestNGException">
      <![CDATA[org.testng.TestNGException: 
Parameter 'browser' is required by BeforeClass on method setUp but has not been marked @Optional or defined
in C:\Users\prowe\IdeaProjects\BritishPetInsurance\BritishPetCare.xml
at org.testng.internal.Parameters.createParams(Parameters.java:267)
at org.testng.internal.Parameters.createParametersForMethod(Parameters.java:355)
at org.testng.internal.Parameters.createParameters(Parameters.java:684)
at org.testng.internal.Parameters.createConfigurationParameters(Parameters.java:166)
at org.testng.internal.invokers.ConfigInvoker.invokeConfigurations(ConfigInvoker.java:277)
at org.testng.internal.invokers.TestMethodWorker.invokeBeforeClassMethods(TestMethodWorker.java:180)
at org.testng.internal.invokers.TestMethodWorker.run(TestMethodWorker.java:122)
at java.base/java.util.ArrayList.forEach(ArrayList.java:1511)
at org.testng.TestRunner.privateRun(TestRunner.java:829)
at org.testng.TestRunner.run(TestRunner.java:602)
at org.testng.SuiteRunner.runTest(SuiteRunner.java:437)
at org.testng.SuiteRunner.runSequentially(SuiteRunner.java:431)
at org.testng.SuiteRunner.privateRun(SuiteRunner.java:391)
at org.testng.SuiteRunner.run(SuiteRunner.java:330)
at org.testng.SuiteRunnerWorker.runSuite(SuiteRunnerWorker.java:52)
at org.testng.SuiteRunnerWorker.run(SuiteRunnerWorker.java:95)
at org.testng.TestNG.runSuitesSequentially(TestNG.java:1256)
at org.testng.TestNG.runSuitesLocally(TestNG.java:1176)
at org.testng.TestNG.runSuites(TestNG.java:1099)
at org.testng.TestNG.run(TestNG.java:1067)
at org.apache.maven.surefire.testng.TestNGExecutor.run(TestNGExecutor.java:308)
at org.apache.maven.surefire.testng.TestNGXmlTestSuite.execute(TestNGXmlTestSuite.java:71)
at org.apache.maven.surefire.testng.TestNGProvider.invoke(TestNGProvider.java:113)
at org.apache.maven.surefire.booter.ForkedBooter.runSuitesInProcess(ForkedBooter.java:385)
at org.apache.maven.surefire.booter.ForkedBooter.execute(ForkedBooter.java:162)
at org.apache.maven.surefire.booter.ForkedBooter.run(ForkedBooter.java:507)
at org.apache.maven.surefire.booter.ForkedBooter.main(ForkedBooter.java:495)
]]>
    </error>
  </testcase> <!-- setUp -->
  <system-out/>
  <testcase classname="testCases.Tc001_Login_Verify" name="verifyLogin" time="0.000">
    <skipped/>
  </testcase> <!-- verifyLogin -->
  <system-out/>
  <testcase classname="testCases.Tc001_Login_Verify" name="verifyRole" time="0.000">
    <skipped/>
  </testcase> <!-- verifyRole -->
  <system-out/>
  <testcase classname="testCases.Tc001_Login_Verify" name="verifyItemsOnDashboard" time="0.000">
    <skipped/>
  </testcase> <!-- verifyItemsOnDashboard -->
  <system-out/>
  <testcase classname="testCases.Tc001_Login_Verify" name="verifyGraphMessages" time="0.000">
    <skipped/>
  </testcase> <!-- verifyGraphMessages -->
  <system-out/>
  <testcase classname="testCases.Tc001_Login_Verify" name="verifyClientManagePage" time="0.000">
    <skipped/>
  </testcase> <!-- verifyClientManagePage -->
  <system-out/>
  <testcase classname="testCases.Tc001_Login_Verify" name="verifyQuoteManagePage" time="0.000">
    <skipped/>
  </testcase> <!-- verifyQuoteManagePage -->
  <system-out/>
  <testcase classname="testCases.Tc001_Login_Verify" name="verifyDateFormatOnQuotePage" time="0.000">
    <skipped/>
  </testcase> <!-- verifyDateFormatOnQuotePage -->
  <system-out/>
  <testcase classname="testCases.Tc001_Login_Verify" name="verifyProductListOnAddQuotePage" time="0.000">
    <skipped/>
  </testcase> <!-- verifyProductListOnAddQuotePage -->
  <system-out/>
  <testcase classname="testCases.Tc001_Login_Verify" name="verifyAddQuotePageLaunch" time="0.000">
    <skipped/>
  </testcase> <!-- verifyAddQuotePageLaunch -->
  <system-out/>
  <testcase classname="testCases.Tc001_Login_Verify" name="verifyPolicyPage" time="0.001">
    <skipped/>
  </testcase> <!-- verifyPolicyPage -->
  <system-out/>
  <testcase classname="testCases.Tc001_Login_Verify" name="verifyPolicyPageDateFormat" time="0.000">
    <skipped/>
  </testcase> <!-- verifyPolicyPageDateFormat -->
  <system-out/>
  <testcase classname="testCases.Tc001_Login_Verify" name="verifyPolicyInformationPageLaunch" time="0.000">
    <skipped/>
  </testcase> <!-- verifyPolicyInformationPageLaunch -->
  <system-out/>
  <testcase classname="testCases.Tc001_Login_Verify" name="verifyPolicySamplePageDownLoad" time="0.000">
    <skipped/>
  </testcase> <!-- verifyPolicySamplePageDownLoad -->
  <system-out/>
  <testcase classname="testCases.Tc001_Login_Verify" name="verifyManageClaimDateAndPondSymbol" time="0.000">
    <skipped/>
  </testcase> <!-- verifyManageClaimDateAndPondSymbol -->
  <system-out/>
  <testcase classname="testCases.Tc001_Login_Verify" name="verifyClaimPageInformation" time="0.000">
    <skipped/>
  </testcase> <!-- verifyClaimPageInformation -->
  <system-out/>
  <testcase classname="testCases.Tc001_Login_Verify" name="verifyApprovalClaimDashBoardDetails" time="0.000">
    <skipped/>
  </testcase> <!-- verifyApprovalClaimDashBoardDetails -->
  <system-out/>
  <testcase classname="testCases.Tc001_Login_Verify" name="verifyManageTaskDashBoard" time="0.000">
    <skipped/>
  </testcase> <!-- verifyManageTaskDashBoard -->
  <system-out/>
  <testcase classname="testCases.Tc001_Login_Verify" name="verifyAddTaskPageDetails" time="0.000">
    <skipped/>
  </testcase> <!-- verifyAddTaskPageDetails -->
  <system-out/>
  <testcase classname="testCases.Tc001_Login_Verify" name="verifyQuotePageData" time="0.000">
    <skipped/>
  </testcase> <!-- verifyQuotePageData -->
  <system-out/>
  <testcase classname="testCases.Tc001_Login_Verify" name="verifyMicroChipPageData" time="0.000">
    <skipped/>
  </testcase> <!-- verifyMicroChipPageData -->
  <system-out/>
  <testcase classname="testCases.Tc001_Login_Verify" name="verifyQuotePagePremiumPoundSign" time="0.000">
    <skipped/>
  </testcase> <!-- verifyQuotePagePremiumPoundSign -->
  <system-out/>
  <testcase classname="testCases.Tc001_Login_Verify" name="verifyLetterTemplatePage" time="0.000">
    <skipped/>
  </testcase> <!-- verifyLetterTemplatePage -->
  <system-out/>
  <testcase classname="testCases.Tc001_Login_Verify" name="verifyLetterTemplatePageEditFun" time="0.000">
    <skipped/>
  </testcase> <!-- verifyLetterTemplatePageEditFun -->
  <system-out/>
  <testcase classname="testCases.Tc001_Login_Verify" name="verifyAccountPageIcon" time="0.000">
    <skipped/>
  </testcase> <!-- verifyAccountPageIcon -->
  <system-out/>
  <testcase classname="testCases.Tc001_Login_Verify" name="verifyAddClaimPageDropDown" time="0.000">
    <skipped/>
  </testcase> <!-- verifyAddClaimPageDropDown -->
  <system-out/>
  <testcase classname="testCases.Tc001_Login_Verify" name="verifyLogOut" time="0.000">
    <skipped/>
  </testcase> <!-- verifyLogOut -->
  <system-out/>
</testsuite> <!-- testCases.Tc001_Login_Verify -->
